<?xml version="1.0" encoding="UTF-8"?>
<testsuite xmlns:xsi="http://www.w3.org/2001/XMLSchema-instance" xsi:noNamespaceSchemaLocation="https://maven.apache.org/surefire/maven-surefire-plugin/xsd/surefire-test-report-3.0.xsd" version="3.0" name="com.farmaciavictoria.proyectopharmavictoria.controller.Inventario.ProductoFormControllerTest" time="3.741" tests="5" errors="0" skipped="0" failures="0">
  <properties>
[...]
</properties>
  <testcase name="testLimpiarCampos" classname="com.farmaciavictoria.proyectopharmavictoria.controller.Inventario.ProductoFormControllerTest" time="3.548">
    <system-out><![CDATA[21:53:42.999 [main] INFO com.farmaciavictoria.proyectopharmavictoria.config.ServiceContainer -- Inicializando contenedor de dependencias...
21:53:43.008 [main] INFO com.farmaciavictoria.proyectopharmavictoria.events.SystemEventManager -- SystemEventManager inicializado
21:53:43.008 [main] DEBUG com.farmaciavictoria.proyectopharmavictoria.config.ServiceContainer -- Registrando repositories...
21:53:43.022 [main] INFO com.farmaciavictoria.proyectopharmavictoria.config.DatabaseConfig -- Propiedades de configuración cargadas correctamente
21:53:43.043 [main] DEBUG com.zaxxer.hikari.HikariConfig -- Driver class com.mysql.cj.jdbc.Driver found in Thread context class loader jdk.internal.loader.ClassLoaders$AppClassLoader@5a07e868
21:53:43.070 [main] DEBUG com.zaxxer.hikari.HikariConfig -- PharmavictoriaPool - configuration:
21:53:43.095 [main] DEBUG com.zaxxer.hikari.HikariConfig -- allowPoolSuspension.............false
21:53:43.095 [main] DEBUG com.zaxxer.hikari.HikariConfig -- autoCommit......................true
21:53:43.095 [main] DEBUG com.zaxxer.hikari.HikariConfig -- catalog.........................none
21:53:43.095 [main] DEBUG com.zaxxer.hikari.HikariConfig -- connectionInitSql...............none
21:53:43.096 [main] DEBUG com.zaxxer.hikari.HikariConfig -- connectionTestQuery............."SELECT 1"
21:53:43.097 [main] DEBUG com.zaxxer.hikari.HikariConfig -- connectionTimeout...............30000
21:53:43.098 [main] DEBUG com.zaxxer.hikari.HikariConfig -- dataSource......................none
21:53:43.098 [main] DEBUG com.zaxxer.hikari.HikariConfig -- dataSourceClassName.............none
21:53:43.098 [main] DEBUG com.zaxxer.hikari.HikariConfig -- dataSourceJNDI..................none
21:53:43.100 [main] DEBUG com.zaxxer.hikari.HikariConfig -- dataSourceProperties............{password=<masked>}
21:53:43.100 [main] DEBUG com.zaxxer.hikari.HikariConfig -- driverClassName................."com.mysql.cj.jdbc.Driver"
21:53:43.100 [main] DEBUG com.zaxxer.hikari.HikariConfig -- exceptionOverrideClassName......none
21:53:43.100 [main] DEBUG com.zaxxer.hikari.HikariConfig -- healthCheckProperties...........{}
21:53:43.101 [main] DEBUG com.zaxxer.hikari.HikariConfig -- healthCheckRegistry.............none
21:53:43.101 [main] DEBUG com.zaxxer.hikari.HikariConfig -- idleTimeout.....................600000
21:53:43.101 [main] DEBUG com.zaxxer.hikari.HikariConfig -- initializationFailTimeout.......1
21:53:43.101 [main] DEBUG com.zaxxer.hikari.HikariConfig -- isolateInternalQueries..........false
21:53:43.102 [main] DEBUG com.zaxxer.hikari.HikariConfig -- jdbcUrl.........................jdbc:mysql://localhost:3307/pharmavictoria?useSSL=false&serverTimezone=America/Lima&allowPublicKeyRetrieval=true
21:53:43.102 [main] DEBUG com.zaxxer.hikari.HikariConfig -- keepaliveTime...................0
21:53:43.102 [main] DEBUG com.zaxxer.hikari.HikariConfig -- leakDetectionThreshold..........60000
21:53:43.102 [main] DEBUG com.zaxxer.hikari.HikariConfig -- maxLifetime.....................1800000
21:53:43.102 [main] DEBUG com.zaxxer.hikari.HikariConfig -- maximumPoolSize.................3
21:53:43.102 [main] DEBUG com.zaxxer.hikari.HikariConfig -- metricRegistry..................none
21:53:43.103 [main] DEBUG com.zaxxer.hikari.HikariConfig -- metricsTrackerFactory...........none
21:53:43.103 [main] DEBUG com.zaxxer.hikari.HikariConfig -- minimumIdle.....................1
21:53:43.103 [main] DEBUG com.zaxxer.hikari.HikariConfig -- password........................<masked>
21:53:43.103 [main] DEBUG com.zaxxer.hikari.HikariConfig -- poolName........................"PharmavictoriaPool"
21:53:43.103 [main] DEBUG com.zaxxer.hikari.HikariConfig -- readOnly........................false
21:53:43.103 [main] DEBUG com.zaxxer.hikari.HikariConfig -- registerMbeans..................true
21:53:43.104 [main] DEBUG com.zaxxer.hikari.HikariConfig -- scheduledExecutor...............none
21:53:43.104 [main] DEBUG com.zaxxer.hikari.HikariConfig -- schema..........................none
21:53:43.104 [main] DEBUG com.zaxxer.hikari.HikariConfig -- threadFactory...................internal
21:53:43.104 [main] DEBUG com.zaxxer.hikari.HikariConfig -- transactionIsolation............default
21:53:43.104 [main] DEBUG com.zaxxer.hikari.HikariConfig -- username........................"root"
21:53:43.104 [main] DEBUG com.zaxxer.hikari.HikariConfig -- validationTimeout...............5000
21:53:43.126 [main] INFO com.zaxxer.hikari.HikariDataSource -- PharmavictoriaPool - Starting...
21:53:43.929 [main] INFO com.zaxxer.hikari.pool.HikariPool -- PharmavictoriaPool - Added connection com.mysql.cj.jdbc.ConnectionImpl@5c46a957
21:53:44.146 [main] INFO com.zaxxer.hikari.HikariDataSource -- PharmavictoriaPool - Start completed.
21:53:44.148 [main] INFO com.farmaciavictoria.proyectopharmavictoria.config.DatabaseConfig -- Conexión a base de datos inicializada correctamente
21:53:44.148 [main] INFO com.farmaciavictoria.proyectopharmavictoria.config.DatabaseConfig -- Pool configurado - Max: 3, Min: 1
21:53:44.165 [main] DEBUG com.farmaciavictoria.proyectopharmavictoria.config.ServiceContainer -- Repositories registrados: 4
21:53:44.166 [main] DEBUG com.farmaciavictoria.proyectopharmavictoria.config.ServiceContainer -- Registrando services...
21:53:44.166 [main] DEBUG com.farmaciavictoria.proyectopharmavictoria.config.ServiceContainer -- Repository obtenido: UsuarioRepository
21:53:44.166 [main] DEBUG com.farmaciavictoria.proyectopharmavictoria.config.ServiceContainer -- Repository obtenido: ProveedorRepository
21:53:44.166 [main] DEBUG com.farmaciavictoria.proyectopharmavictoria.config.ServiceContainer -- Repository obtenido: ProductoRepository
21:53:44.166 [main] DEBUG com.farmaciavictoria.proyectopharmavictoria.config.ServiceContainer -- Repository obtenido: ClienteRepository
21:53:44.174 [main] INFO com.farmaciavictoria.proyectopharmavictoria.service.ClienteService -- ClienteService inicializado
21:53:44.190 [main] INFO com.farmaciavictoria.proyectopharmavictoria.service.NotificationService -- NotificationService inicializado con enterprise patterns
21:53:44.190 [main] DEBUG com.farmaciavictoria.proyectopharmavictoria.config.ServiceContainer -- Services registrados: 7
21:53:44.190 [main] INFO com.farmaciavictoria.proyectopharmavictoria.config.ServiceContainer -- Contenedor de dependencias inicializado exitosamente
21:53:44.190 [main] DEBUG com.farmaciavictoria.proyectopharmavictoria.config.ServiceContainer -- Service obtenido: ProductoService
21:53:44.190 [main] DEBUG com.farmaciavictoria.proyectopharmavictoria.config.ServiceContainer -- Service obtenido: ProveedorService
21:53:44.190 [main] DEBUG com.farmaciavictoria.proyectopharmavictoria.config.ServiceContainer -- Service obtenido: CodigoGeneratorService
21:53:44.190 [main] INFO com.farmaciavictoria.proyectopharmavictoria.controller.Inventario.ProductoFormController -- ProductoFormController inicializado con enterprise patterns
21:53:44.261 [PharmavictoriaPool housekeeper] DEBUG com.zaxxer.hikari.pool.HikariPool -- PharmavictoriaPool - Before cleanup stats (total=1, active=0, idle=1, waiting=0)
21:53:44.263 [PharmavictoriaPool housekeeper] DEBUG com.zaxxer.hikari.pool.HikariPool -- PharmavictoriaPool - After cleanup  stats (total=1, active=0, idle=1, waiting=0)
21:53:44.263 [PharmavictoriaPool housekeeper] DEBUG com.zaxxer.hikari.pool.HikariPool -- PharmavictoriaPool - Fill pool skipped, pool has sufficient level or currently being filled (queueDepth=0).
]]></system-out>
    <system-err><![CDATA[WARNING: A Java agent has been loaded dynamically (C:\Users\lozay\.m2\repository\net\bytebuddy\byte-buddy-agent\1.14.6\byte-buddy-agent-1.14.6.jar)
WARNING: If a serviceability tool is in use, please run with -XX:+EnableDynamicAgentLoading to hide this warning
WARNING: If a serviceability tool is not in use, please run with -Djdk.instrument.traceUsage for more information
WARNING: Dynamic loading of agents will be disallowed by default in a future release
]]></system-err>
  </testcase>
  <testcase name="testIsValidDecimal" classname="com.farmaciavictoria.proyectopharmavictoria.controller.Inventario.ProductoFormControllerTest" time="0.01">
    <system-out><![CDATA[21:53:44.301 [main] DEBUG com.farmaciavictoria.proyectopharmavictoria.config.ServiceContainer -- Service obtenido: ProductoService
21:53:44.301 [main] DEBUG com.farmaciavictoria.proyectopharmavictoria.config.ServiceContainer -- Service obtenido: ProveedorService
21:53:44.303 [main] DEBUG com.farmaciavictoria.proyectopharmavictoria.config.ServiceContainer -- Service obtenido: CodigoGeneratorService
21:53:44.303 [main] INFO com.farmaciavictoria.proyectopharmavictoria.controller.Inventario.ProductoFormController -- ProductoFormController inicializado con enterprise patterns
]]></system-out>
  </testcase>
  <testcase name="testCalcularMargen" classname="com.farmaciavictoria.proyectopharmavictoria.controller.Inventario.ProductoFormControllerTest" time="0.006">
    <system-out><![CDATA[21:53:44.313 [main] DEBUG com.farmaciavictoria.proyectopharmavictoria.config.ServiceContainer -- Service obtenido: ProductoService
21:53:44.313 [main] DEBUG com.farmaciavictoria.proyectopharmavictoria.config.ServiceContainer -- Service obtenido: ProveedorService
21:53:44.313 [main] DEBUG com.farmaciavictoria.proyectopharmavictoria.config.ServiceContainer -- Service obtenido: CodigoGeneratorService
21:53:44.313 [main] INFO com.farmaciavictoria.proyectopharmavictoria.controller.Inventario.ProductoFormController -- ProductoFormController inicializado con enterprise patterns
]]></system-out>
  </testcase>
  <testcase name="testValidarCodigoDisponible" classname="com.farmaciavictoria.proyectopharmavictoria.controller.Inventario.ProductoFormControllerTest" time="0.094">
    <system-out><![CDATA[21:53:44.319 [main] DEBUG com.farmaciavictoria.proyectopharmavictoria.config.ServiceContainer -- Service obtenido: ProductoService
21:53:44.319 [main] DEBUG com.farmaciavictoria.proyectopharmavictoria.config.ServiceContainer -- Service obtenido: ProveedorService
21:53:44.319 [main] DEBUG com.farmaciavictoria.proyectopharmavictoria.config.ServiceContainer -- Service obtenido: CodigoGeneratorService
21:53:44.319 [main] INFO com.farmaciavictoria.proyectopharmavictoria.controller.Inventario.ProductoFormController -- ProductoFormController inicializado con enterprise patterns
]]></system-out>
  </testcase>
  <testcase name="testValidarCodigoExistente" classname="com.farmaciavictoria.proyectopharmavictoria.controller.Inventario.ProductoFormControllerTest" time="0.005">
    <system-out><![CDATA[21:53:44.417 [main] DEBUG com.farmaciavictoria.proyectopharmavictoria.config.ServiceContainer -- Service obtenido: ProductoService
21:53:44.418 [main] DEBUG com.farmaciavictoria.proyectopharmavictoria.config.ServiceContainer -- Service obtenido: ProveedorService
21:53:44.418 [main] DEBUG com.farmaciavictoria.proyectopharmavictoria.config.ServiceContainer -- Service obtenido: CodigoGeneratorService
21:53:44.418 [main] INFO com.farmaciavictoria.proyectopharmavictoria.controller.Inventario.ProductoFormController -- ProductoFormController inicializado con enterprise patterns
]]></system-out>
  </testcase>
</testsuite>